üìù Logging started. Log file: C:\Users\HITS\eclipse-workspace\Groww_Python_Trading_Bot\logs\Groww_Bot_2025-10-30_15-39-39.log
eyJraWQiOiJaTUtjVXciLCJhbGciOiJFUzI1NiJ9.eyJleHAiOjE3NjE4NzA2MDAsImlhdCI6MTc2MTgxODk3OSwibmJmIjoxNzYxODE4OTc5LCJzdWIiOiJ7XCJ0b2tlblJlZklkXCI6XCI3MzBjODI4ZC03OGVlLTQ2MTAtYjczZi02ODdmMDRlMWU2YWNcIixcInZlbmRvckludGVncmF0aW9uS2V5XCI6XCJlMzFmZjIzYjA4NmI0MDZjODg3NGIyZjZkODQ5NTMxM1wiLFwidXNlckFjY291bnRJZFwiOlwiMmVlMjYyMjItN2MwNS00Y2IwLWIwM2MtNzAzYWRmNWVmN2RkXCIsXCJkZXZpY2VJZFwiOlwiNWQwYzdjODgtMGI1OS01MDU0LTk5ZTYtYWU5MzY5OTc2ZmRiXCIsXCJzZXNzaW9uSWRcIjpcImNlNWM1Y2EyLTk5MWUtNGE5MC05MTAwLWFmYjNhZDI1NmNjMVwiLFwiYWRkaXRpb25hbERhdGFcIjpcIno1NC9NZzltdjE2WXdmb0gvS0EwYktvMDZXRlpjc241VUNmTWF5aERtNGxSTkczdTlLa2pWZDNoWjU1ZStNZERhWXBOVi9UOUxIRmtQejFFQisybTdRPT1cIixcInJvbGVcIjpcIm9yZGVyLWJhc2ljLGxpdmVfZGF0YS1iYXNpYyxub25fdHJhZGluZy1iYXNpYyxvcmRlcl9yZWFkX29ubHktYmFzaWMsYmFja190ZXN0XCIsXCJzb3VyY2VJcEFkZHJlc3NcIjpudWxsLFwidHdvRmFFeHBpcnlUc1wiOjE3NjE4NzA2MDAwMDB9IiwiaXNzIjoiYXBleC1hdXRoLXByb2QtYXBwIn0.DMXNogSPtZdaq_tT3M8aMm0Hy_1jMFemb8c_qQS3O-5i2O7x4SjqNS-Sw_ic9E_dUw8vwXn30mjLHhVgYuRNzg
Ready to Groww!
‚úÖ Groww API Initialized Successfully
‚úÖ Converted 'C:\Users\HITS\Downloads\instrument (1).csv' ‚Üí 'C:\Users\HITS\Downloads\instrument (1).json'
üéØ Filtering NIFTY 04/11/2025 instruments between 25450‚Äì26450 (Spot=25950)
‚úÖ Loaded 316 filtered instruments (out of 105971)

‚ú® Groww NIFTY CP Bot Ready (Groww backend)
Manual example: Buy 14 NIFTY04NOV2525950CE at CP and Book at 1050

Choose mode: (m)anual / (a)uto / (q)uit: 
--- AUTO MODE (momentum + premium) ---
üîç Detecting best option between CE and PE for NIFTY 04/11/2025‚Ä¶
‚û°Ô∏è  Searching CE between 80-130
‚û°Ô∏è  Searching PE between 80-130
‚öôÔ∏è Checking momentum for top 3 PE candidates...

üß≠ Checking momentum for NIFTY25N0425900PE (5 samples, every 1s):

üß≠ Checking momentum for NIFTY25N0425950PE (5 samples, every 1s):

üß≠ Checking momentum for NIFTY25N0425850PE (5 samples, every 1s):
[NIFTY25N0425900PE] ‚è± Sample 1/5: LTP = ‚Çπ100.60
[NIFTY25N0425950PE] ‚è± Sample 1/5: LTP = ‚Çπ124.00
[NIFTY25N0425850PE] ‚è± Sample 1/5: LTP = ‚Çπ80.40
‚öôÔ∏è Checking momentum for top 2 CE candidates...

üß≠ Checking momentum for NIFTY25N0425950CE (5 samples, every 1s):

üß≠ Checking momentum for NIFTY25N0426000CE (5 samples, every 1s):
[NIFTY25N0425900PE] ‚è± Sample 2/5: LTP = ‚Çπ100.60
[NIFTY25N0425950PE] ‚è± Sample 2/5: LTP = ‚Çπ124.00
[NIFTY25N0425950CE] ‚è± Sample 1/5: LTP = ‚Çπ114.20
[NIFTY25N0426000CE] ‚è± Sample 1/5: LTP = ‚Çπ91.60
[NIFTY25N0425850PE] ‚è± Sample 2/5: LTP = ‚Çπ80.40
[NIFTY25N0425900PE] ‚è± Sample 3/5: LTP = ‚Çπ100.60
[NIFTY25N0425950CE] ‚è± Sample 2/5: LTP = ‚Çπ114.20
[NIFTY25N0425950PE] ‚è± Sample 3/5: LTP = ‚Çπ124.00
[NIFTY25N0426000CE] ‚è± Sample 2/5: LTP = ‚Çπ91.60
[NIFTY25N0425850PE] ‚è± Sample 3/5: LTP = ‚Çπ80.40
[NIFTY25N0425900PE] ‚è± Sample 4/5: LTP = ‚Çπ100.60
[NIFTY25N0425950CE] ‚è± Sample 3/5: LTP = ‚Çπ114.20
[NIFTY25N0425950PE] ‚è± Sample 4/5: LTP = ‚Çπ124.00
[NIFTY25N0426000CE] ‚è± Sample 3/5: LTP = ‚Çπ91.60
[NIFTY25N0425850PE] ‚è± Sample 4/5: LTP = ‚Çπ80.40
[NIFTY25N0425900PE] ‚è± Sample 5/5: LTP = ‚Çπ100.60
[NIFTY25N0425950CE] ‚è± Sample 4/5: LTP = ‚Çπ114.20
[NIFTY25N0425900PE] ‚ö†Ô∏è Too noisy for reliable momentum reading
[NIFTY25N0425950PE] ‚è± Sample 5/5: LTP = ‚Çπ124.00
[NIFTY25N0426000CE] ‚è± Sample 4/5: LTP = ‚Çπ91.60
[NIFTY25N0425950PE] ‚ö†Ô∏è Too noisy for reliable momentum reading
[NIFTY25N0425850PE] ‚è± Sample 5/5: LTP = ‚Çπ80.40
[NIFTY25N0425950CE] ‚è± Sample 5/5: LTP = ‚Çπ114.20
[NIFTY25N0425850PE] ‚ö†Ô∏è Too noisy for reliable momentum reading
‚ö†Ô∏è No strong momentum found for PE (>0.3%, consistency >70%)
üìä Running momentum check for PE (NIFTY25N0425900PE)

üß≠ Checking momentum for NIFTY25N0425900PE (5 samples, every 1s):
[NIFTY25N0426000CE] ‚è± Sample 5/5: LTP = ‚Çπ91.60
[NIFTY25N0425950CE] ‚ö†Ô∏è Too noisy for reliable momentum reading
[NIFTY25N0425900PE] ‚è± Sample 1/5: LTP = ‚Çπ100.60
[NIFTY25N0426000CE] ‚ö†Ô∏è Too noisy for reliable momentum reading
‚ö†Ô∏è No strong momentum found for CE (>0.25%, consistency >70%)
üìä Running momentum check for CE (NIFTY25N0425950CE)

üß≠ Checking momentum for NIFTY25N0425950CE (5 samples, every 1s):
[NIFTY25N0425950CE] ‚è± Sample 1/5: LTP = ‚Çπ114.20
[NIFTY25N0425900PE] ‚è± Sample 2/5: LTP = ‚Çπ100.60
[NIFTY25N0425950CE] ‚è± Sample 2/5: LTP = ‚Çπ114.20
[NIFTY25N0425900PE] ‚è± Sample 3/5: LTP = ‚Çπ100.60
[NIFTY25N0425950CE] ‚è± Sample 3/5: LTP = ‚Çπ114.20
[NIFTY25N0425900PE] ‚è± Sample 4/5: LTP = ‚Çπ100.60
[NIFTY25N0425950CE] ‚è± Sample 4/5: LTP = ‚Çπ114.20
[NIFTY25N0425900PE] ‚è± Sample 5/5: LTP = ‚Çπ100.60
[NIFTY25N0425900PE] ‚ö†Ô∏è Too noisy for reliable momentum reading
‚úÖ Momentum for PE: None
[NIFTY25N0425950CE] ‚è± Sample 5/5: LTP = ‚Çπ114.20
[NIFTY25N0425950CE] ‚ö†Ô∏è Too noisy for reliable momentum reading
‚úÖ Momentum for CE: None
Traceback (most recent call last):
  File "C:\Users\HITS\eclipse-workspace\Groww_Python_Trading_Bot\groww_option_trading_final_bot.py", line 725, in detect_option_type_parallel
    opt_type, inst, ltp, lot_size, mom = future.result()
^^^^^^^^^^^^^^^^^^^^^^^^^^^^^^^^^^^^^^^^^^^^^^^^^^^^^^^^
  File "C:\Program Files\Python312\Lib\concurrent\futures\_base.py", line 243, in as_completed
    waiter.event.wait(wait_timeout)
  File "C:\Program Files\Python312\Lib\threading.py", line 655, in wait
    signaled = self._cond.wait(timeout)
               ^^^^^^^^^^^^^^^^^^^^^^^^
  File "C:\Program Files\Python312\Lib\threading.py", line 355, in wait
    waiter.acquire()
KeyboardInterrupt

During handling of the above exception, another exception occurred:

Traceback (most recent call last):
  File "C:\Users\HITS\eclipse-workspace\Groww_Python_Trading_Bot\groww_option_trading_final_bot.py", line 1069, in <module>
    continue
    ^^^^^^^^^
  File "C:\Users\HITS\eclipse-workspace\Groww_Python_Trading_Bot\groww_option_trading_final_bot.py", line 1024, in auto_mode_runner
    if not opt_result:
                 ^^^^^^
  File "C:\Users\HITS\eclipse-workspace\Groww_Python_Trading_Bot\groww_option_trading_final_bot.py", line 723, in detect_option_type_parallel
    futures = {ex.submit(worker, t): t for t in ["CE", "PE"]}
^^^^^^^^^^^^^^^^^^^^^^^^^^^^^^^^^^^^^^^^^^^^^^^^^^^^^^^^^^^^^
  File "C:\Program Files\Python312\Lib\concurrent\futures\_base.py", line 647, in __exit__
    self.shutdown(wait=True)
  File "C:\Program Files\Python312\Lib\concurrent\futures\thread.py", line 238, in shutdown
    t.join()
  File "C:\Program Files\Python312\Lib\threading.py", line 1147, in join
    self._wait_for_tstate_lock()
  File "C:\Program Files\Python312\Lib\threading.py", line 1167, in _wait_for_tstate_lock
    if lock.acquire(block, timeout):
       ^^^^^^^^^^^^^^^^^^^^^^^^^^^^
KeyboardInterrupt
