üìù Logging started. Log file: C:\Users\HITS\eclipse-workspace\Groww_Python_Trading_Bot\logs\Groww_Bot_2025-12-18_11-56-22.log
C:\Users\HITS\eclipse-workspace\Groww_Python_Trading_Bot\instrument.csv
‚ùå Groww login failed: HTTPSConnectionPool(host='api.groww.in', port=443): Max retries exceeded with url: /v1/token/api/access (Caused by NameResolutionError("<urllib3.connection.HTTPSConnection object at 0x00000164A2EA3380>: Failed to resolve 'api.groww.in' ([Errno 11001] getaddrinfo failed)"))
Traceback (most recent call last):
  File "C:\Users\HITS\eclipse-workspace\AngelOne_Python_Trading_Bot\.venv\Lib\site-packages\urllib3\connection.py", line 198, in _new_conn
    sock = connection.create_connection(
           ^^^^^^^^^^^^^^^^^^^^^^^^^^^^^
  File "C:\Users\HITS\eclipse-workspace\AngelOne_Python_Trading_Bot\.venv\Lib\site-packages\urllib3\util\connection.py", line 60, in create_connection
    for res in socket.getaddrinfo(host, port, family, socket.SOCK_STREAM):
               ^^^^^^^^^^^^^^^^^^^^^^^^^^^^^^^^^^^^^^^^^^^^^^^^^^^^^^^^^^
  File "C:\Program Files\Python312\Lib\socket.py", line 963, in getaddrinfo
    for res in _socket.getaddrinfo(host, port, family, type, proto, flags):
               ^^^^^^^^^^^^^^^^^^^^^^^^^^^^^^^^^^^^^^^^^^^^^^^^^^^^^^^^^^^
socket.gaierror: [Errno 11001] getaddrinfo failed

The above exception was the direct cause of the following exception:

Traceback (most recent call last):
  File "C:\Users\HITS\eclipse-workspace\AngelOne_Python_Trading_Bot\.venv\Lib\site-packages\urllib3\connectionpool.py", line 787, in urlopen
    response = self._make_request(
               ^^^^^^^^^^^^^^^^^^^
  File "C:\Users\HITS\eclipse-workspace\AngelOne_Python_Trading_Bot\.venv\Lib\site-packages\urllib3\connectionpool.py", line 488, in _make_request
    raise new_e
  File "C:\Users\HITS\eclipse-workspace\AngelOne_Python_Trading_Bot\.venv\Lib\site-packages\urllib3\connectionpool.py", line 464, in _make_request
    self._validate_conn(conn)
  File "C:\Users\HITS\eclipse-workspace\AngelOne_Python_Trading_Bot\.venv\Lib\site-packages\urllib3\connectionpool.py", line 1093, in _validate_conn
    conn.connect()
  File "C:\Users\HITS\eclipse-workspace\AngelOne_Python_Trading_Bot\.venv\Lib\site-packages\urllib3\connection.py", line 753, in connect
    self.sock = sock = self._new_conn()
                       ^^^^^^^^^^^^^^^^
  File "C:\Users\HITS\eclipse-workspace\AngelOne_Python_Trading_Bot\.venv\Lib\site-packages\urllib3\connection.py", line 205, in _new_conn
    raise NameResolutionError(self.host, self, e) from e
urllib3.exceptions.NameResolutionError: <urllib3.connection.HTTPSConnection object at 0x00000164A2EA3380>: Failed to resolve 'api.groww.in' ([Errno 11001] getaddrinfo failed)

The above exception was the direct cause of the following exception:

Traceback (most recent call last):
  File "C:\Users\HITS\eclipse-workspace\AngelOne_Python_Trading_Bot\.venv\Lib\site-packages\requests\adapters.py", line 667, in send
    resp = conn.urlopen(
           ^^^^^^^^^^^^^
  File "C:\Users\HITS\eclipse-workspace\AngelOne_Python_Trading_Bot\.venv\Lib\site-packages\urllib3\connectionpool.py", line 841, in urlopen
    retries = retries.increment(
              ^^^^^^^^^^^^^^^^^^
  File "C:\Users\HITS\eclipse-workspace\AngelOne_Python_Trading_Bot\.venv\Lib\site-packages\urllib3\util\retry.py", line 519, in increment
    raise MaxRetryError(_pool, url, reason) from reason  # type: ignore[arg-type]
    ^^^^^^^^^^^^^^^^^^^^^^^^^^^^^^^^^^^^^^^^^^^^^^^^^^^
urllib3.exceptions.MaxRetryError: HTTPSConnectionPool(host='api.groww.in', port=443): Max retries exceeded with url: /v1/token/api/access (Caused by NameResolutionError("<urllib3.connection.HTTPSConnection object at 0x00000164A2EA3380>: Failed to resolve 'api.groww.in' ([Errno 11001] getaddrinfo failed)"))

During handling of the above exception, another exception occurred:

Traceback (most recent call last):
  File "C:\Users\HITS\eclipse-workspace\Groww_Python_Trading_Bot\QA_env_sample_test_groww_option_trading_final_bot.py", line 134, in <module>
    groww ,access_token = groww_init(api_key)
                          ^^^^^^^^^^^^^^^^^^^
  File "C:\Users\HITS\eclipse-workspace\Groww_Python_Trading_Bot\QA_env_sample_test_groww_option_trading_final_bot.py", line 124, in groww_init
    access_token = GrowwAPI.get_access_token(api_key=api_key, totp=totp)
                   ^^^^^^^^^^^^^^^^^^^^^^^^^^^^^^^^^^^^^^^^^^^^^^^^^^^^^
  File "C:\Users\HITS\eclipse-workspace\AngelOne_Python_Trading_Bot\.venv\Lib\site-packages\growwapi\groww\client.py", line 1157, in get_access_token
    response = requests.post(url, headers=headers, json=data, timeout=15)
               ^^^^^^^^^^^^^^^^^^^^^^^^^^^^^^^^^^^^^^^^^^^^^^^^^^^^^^^^^^
  File "C:\Users\HITS\eclipse-workspace\AngelOne_Python_Trading_Bot\.venv\Lib\site-packages\requests\api.py", line 115, in post
    return request("post", url, data=data, json=json, **kwargs)
           ^^^^^^^^^^^^^^^^^^^^^^^^^^^^^^^^^^^^^^^^^^^^^^^^^^^^
  File "C:\Users\HITS\eclipse-workspace\AngelOne_Python_Trading_Bot\.venv\Lib\site-packages\requests\api.py", line 59, in request
    return session.request(method=method, url=url, **kwargs)
           ^^^^^^^^^^^^^^^^^^^^^^^^^^^^^^^^^^^^^^^^^^^^^^^^^
  File "C:\Users\HITS\eclipse-workspace\AngelOne_Python_Trading_Bot\.venv\Lib\site-packages\requests\sessions.py", line 589, in request
    resp = self.send(prep, **send_kwargs)
           ^^^^^^^^^^^^^^^^^^^^^^^^^^^^^^
  File "C:\Users\HITS\eclipse-workspace\AngelOne_Python_Trading_Bot\.venv\Lib\site-packages\requests\sessions.py", line 703, in send
    r = adapter.send(request, **kwargs)
        ^^^^^^^^^^^^^^^^^^^^^^^^^^^^^^^
  File "C:\Users\HITS\eclipse-workspace\AngelOne_Python_Trading_Bot\.venv\Lib\site-packages\requests\adapters.py", line 700, in send
    raise ConnectionError(e, request=request)
requests.exceptions.ConnectionError: HTTPSConnectionPool(host='api.groww.in', port=443): Max retries exceeded with url: /v1/token/api/access (Caused by NameResolutionError("<urllib3.connection.HTTPSConnection object at 0x00000164A2EA3380>: Failed to resolve 'api.groww.in' ([Errno 11001] getaddrinfo failed)"))
