üìù Logging started. Log file: C:\Users\HITS\eclipse-workspace\Groww_Python_Trading_Bot\logs\Groww_Bot_2025-12-11_12-05-28.log
Ready to Groww!
eyJraWQiOiJaTUtjVXciLCJhbGciOiJFUzI1NiJ9.eyJleHAiOjE3NjU0OTk0MDAsImlhdCI6MTc2NTQzNDkzMCwibmJmIjoxNzY1NDM0OTMwLCJzdWIiOiJ7XCJ0b2tlblJlZklkXCI6XCJlYjg5OGI2MC1hYzk1LTRlNDUtOTUzOC0xODk4ZjI0YmM1YTZcIixcInZlbmRvckludGVncmF0aW9uS2V5XCI6XCJlMzFmZjIzYjA4NmI0MDZjODg3NGIyZjZkODQ5NTMxM1wiLFwidXNlckFjY291bnRJZFwiOlwiMmVlMjYyMjItN2MwNS00Y2IwLWIwM2MtNzAzYWRmNWVmN2RkXCIsXCJkZXZpY2VJZFwiOlwiNWQwYzdjODgtMGI1OS01MDU0LTk5ZTYtYWU5MzY5OTc2ZmRiXCIsXCJzZXNzaW9uSWRcIjpcIjlhNzM4MTg1LTgzZjMtNDczMC1hZGJhLThmZDBkZjYzMzcyN1wiLFwiYWRkaXRpb25hbERhdGFcIjpcIno1NC9NZzltdjE2WXdmb0gvS0EwYktvMDZXRlpjc241VUNmTWF5aERtNGxSTkczdTlLa2pWZDNoWjU1ZStNZERhWXBOVi9UOUxIRmtQejFFQisybTdRPT1cIixcInJvbGVcIjpcIm9yZGVyLWJhc2ljLGxpdmVfZGF0YS1iYXNpYyxub25fdHJhZGluZy1iYXNpYyxvcmRlcl9yZWFkX29ubHktYmFzaWMsYmFja190ZXN0XCIsXCJzb3VyY2VJcEFkZHJlc3NcIjpudWxsLFwidHdvRmFFeHBpcnlUc1wiOjE3NjU0OTk0MDAwMDB9IiwiaXNzIjoiYXBleC1hdXRoLXByb2QtYXBwIn0.mFm8F2gPqYm4QK6pAzHksYTfkK1W90OOjHeYfazYrPr0gllj69cH_qvz9Urta0amU6nmOWwRw7FOr0UT4jfgzw
‚úÖ Groww API Initialized Successfully
‚úÖ Converted 'C:\Users\HITS\Downloads\instrument (6).csv' ‚Üí 'C:\Users\HITS\Downloads\instrument (6).json'
üìä Live NIFTY Spot: 25885.45
‚úÖ Converted 'C:\Users\HITS\Downloads\instrument (6).csv' ‚Üí 'C:\Users\HITS\Downloads\instrument (6).json'
üéØ Filtering NIFTY 2025-12-16 instruments between 25400‚Äì26400 (Spot=25885.45)
‚úÖ Loaded 316 filtered instruments (out of 149250)

‚ú® Groww NIFTY CP Bot Ready (Groww backend)
You can run in MANUAL or AUTO mode.
Manual example: Buy 14 NIFTY04NOV2525950CE at CP and Book at 1050

Choose mode: (m)anual / (a)uto / (q)uit: 
--- AUTO MODE (momentum + premium) ---
üîç Detecting best option between CE and PE for NIFTY 2025-12-16‚Ä¶
‚û°Ô∏è  Searching CE between 80-130
candidates are == []‚û°Ô∏è  Searching PE between 80-130

herecandidates are == []

here1here

herehere1

here1here2

herehere

here1here1

here2here2

herehere

here1
here1
here2
here
here
here1
here1
here
here2
here1
here
here
here1
here1
here2
here
here
here1
here1
here
here2
here1
here
here2
here1
here
here
here1
here1
here
here2
here1
here
here2
here1
here
here
here1
here1
here
here2
here1
here
here2
here1
here
here
here1
here1
here
here2
here1
here
here2
here1here

here
here1
here1
here
here2
here1
here
here
here1
here1
here2
here2
here
here
here1
here1
here
here2
here1
here
here
here1here1
here

here2here1

herehere
here1

here1here2
here

here2here1

herehere

here1here1

here2here

here
here1
here1
herehere2

here1
here
here2
here1
here
herehere1
here1

here
here2
here1here

here2here1

herehere

here1here1
here2

herehere

here1here1

herehere2

herehere1

here2here1

herehere

here1here1

here2here

here1here

here2here1

here
here
here1
here1
here2
herehere
here1

here1
here2
here
herehere1
here1
here
here2
here1
here
here
here1
here1
here2
here
here
here1
here1
here2
here2
here
here
here1
here1
here
here
here1
here1
here2
here2
here
here
here1
here1
here
here
here1
here1
here2
here2
here
here
here1
here1
here
here
here1
here1
here2
here2
here
here
here1
here1
here
here
here1
here1
here2

here2here
here
here1
here1
here
here
here1
here1
here2
here2
here
here
here1
here1
here2
here
here
here1
here1
here
here2
here1
here
here
here1
here1
here2
here
here
here1
here1
here2
here
here
here1
here1
here2
here
here
here1

here1
herehere2

here1here

here2here1

herehere

here1here1

herehere2

here1here

here2here1

herehere

here1here1

herehere2

here1here

here2here1

herehere

here1here1

herehere2

here1here

here2here1

herehere

here1here1

herehere2

here1here

here2here1

herehere

here1here1

here2here
here
here1
here2
here

here1
here1
herehere

here1here1

here2here2

herehere

here1here1

herehere

here1here1

here2
here2here

here1here

herehere1

here1here

here1here2

herehere2

here1here

here1here2

herehere

here1here1

herehere

here1here1

here
here2here1

here2
herehere

here1here1

herehere2

here1here

herehere1

here1here

here2here1

herehere2

here1here

herehere1

here1here2

herehere

here1here1

here2here

herehere1

here1here2

herehere
here1

here1here

here2here1

herehere

here1here1

herehere

here1here1

here2here

herehere1

here1here

here2here1

herehere

here1here1

here2here2

herehere3

here1
here2
here
here1
here2
here3
here
here1
here2
here3
here
here1
here2
here3
here
here1
here
here1
here2
here3
here
here1
here2
here3
here
here1
here2
here3
here
here1
here
here1
here
here1
here2
here3
here
here1
here
here1
here2
here3
here
here1
here
here1
here
here1
here2
here3
here
here1
here2
here3
candidates are == [{'instrument': {'exchange': 'NSE', 'exchange_token': '48221', 'trading_symbol': 'NIFTY25D1625900PE', 'groww_symbol': 'NSE-NIFTY-16Dec25-25900-PE', 'name': '', 'instrument_type': 'PE', 'segment': 'FNO', 'series': '', 'isin': '', 'underlying_symbol': 'NIFTY', 'underlying_exchange_token': '26000', 'expiry_date': '2025-12-16', 'strike_price': '25900', 'lot_size': '75', 'tick_size': '0.05', 'freeze_quantity': '1801', 'is_reserved': '0', 'buy_allowed': '1', 'sell_allowed': '1', 'internal_trading_symbol': 'NIFTY25D1625900PE', 'is_intraday': '0'}, 'ltp': 102.35, 'lot_size': 75}]
here
here1
here
here1
here
here1
here2
here3
here
here1
here
here1
here2
here3
candidates are == [{'instrument': {'exchange': 'NSE', 'exchange_token': '48221', 'trading_symbol': 'NIFTY25D1625900PE', 'groww_symbol': 'NSE-NIFTY-16Dec25-25900-PE', 'name': '', 'instrument_type': 'PE', 'segment': 'FNO', 'series': '', 'isin': '', 'underlying_symbol': 'NIFTY', 'underlying_exchange_token': '26000', 'expiry_date': '2025-12-16', 'strike_price': '25900', 'lot_size': '75', 'tick_size': '0.05', 'freeze_quantity': '1801', 'is_reserved': '0', 'buy_allowed': '1', 'sell_allowed': '1', 'internal_trading_symbol': 'NIFTY25D1625900PE', 'is_intraday': '0'}, 'ltp': 102.35, 'lot_size': 75}, {'instrument': {'exchange': 'NSE', 'exchange_token': '48223', 'trading_symbol': 'NIFTY25D1625950PE', 'groww_symbol': 'NSE-NIFTY-16Dec25-25950-PE', 'name': '', 'instrument_type': 'PE', 'segment': 'FNO', 'series': '', 'isin': '', 'underlying_symbol': 'NIFTY', 'underlying_exchange_token': '26000', 'expiry_date': '2025-12-16', 'strike_price': '25950', 'lot_size': '75', 'tick_size': '0.05', 'freeze_quantity': '1801', 'is_reserved': '0', 'buy_allowed': '1', 'sell_allowed': '1', 'internal_trading_symbol': 'NIFTY25D1625950PE', 'is_intraday': '0'}, 'ltp': 125.25, 'lot_size': 75}]
here
here1
here
here1
here2
here3
here
here1
here
here1
here
here1
here
here1
here
here1
here2
here3
here
here1
here2
here3
here
here1
here2
here3
here
here1
here2
here3
here
here1
here2
here3
here
here1
here2
here3
here
here1
here
here1
here2
here3
here
here1
here
here1
here
here1
here
here1
here2
here3
candidates are == [{'instrument': {'exchange': 'NSE', 'exchange_token': '48220', 'trading_symbol': 'NIFTY25D1625900CE', 'groww_symbol': 'NSE-NIFTY-16Dec25-25900-CE', 'name': '', 'instrument_type': 'CE', 'segment': 'FNO', 'series': '', 'isin': '', 'underlying_symbol': 'NIFTY', 'underlying_exchange_token': '26000', 'expiry_date': '2025-12-16', 'strike_price': '25900', 'lot_size': '75', 'tick_size': '0.05', 'freeze_quantity': '1801', 'is_reserved': '0', 'buy_allowed': '1', 'sell_allowed': '1', 'internal_trading_symbol': 'NIFTY25D1625900CE', 'is_intraday': '0'}, 'ltp': 124.1, 'lot_size': 75}]
here
here1
here
here1
here
here1
here2
here3
here
here1
here
here1
here2
here3
here
here1
here2
here3
here
here1
here2
here3
candidates are == [{'instrument': {'exchange': 'NSE', 'exchange_token': '48220', 'trading_symbol': 'NIFTY25D1625900CE', 'groww_symbol': 'NSE-NIFTY-16Dec25-25900-CE', 'name': '', 'instrument_type': 'CE', 'segment': 'FNO', 'series': '', 'isin': '', 'underlying_symbol': 'NIFTY', 'underlying_exchange_token': '26000', 'expiry_date': '2025-12-16', 'strike_price': '25900', 'lot_size': '75', 'tick_size': '0.05', 'freeze_quantity': '1801', 'is_reserved': '0', 'buy_allowed': '1', 'sell_allowed': '1', 'internal_trading_symbol': 'NIFTY25D1625900CE', 'is_intraday': '0'}, 'ltp': 124.1, 'lot_size': 75}, {'instrument': {'exchange': 'NSE', 'exchange_token': '48222', 'trading_symbol': 'NIFTY25D1625950CE', 'groww_symbol': 'NSE-NIFTY-16Dec25-25950-CE', 'name': '', 'instrument_type': 'CE', 'segment': 'FNO', 'series': '', 'isin': '', 'underlying_symbol': 'NIFTY', 'underlying_exchange_token': '26000', 'expiry_date': '2025-12-16', 'strike_price': '25950', 'lot_size': '75', 'tick_size': '0.05', 'freeze_quantity': '1801', 'is_reserved': '0', 'buy_allowed': '1', 'sell_allowed': '1', 'internal_trading_symbol': 'NIFTY25D1625950CE', 'is_intraday': '0'}, 'ltp': 99.35, 'lot_size': 75}]
here
here1
here
here1
here
here1
here2
here3
here
here1
here
here1
here
here1
here2
here3
here
here1
here
here1
here2
here3
here
here1
here2
here3
here
here1
here2
here3
here
here1
here
here1
here2
here3
here
here1
here
here1
here2
here3
here
here1
here
here1
here
here1
here2
here3
here
here1
here
here1
here
here1
here
here1
here2
here3
here
here1
here
here1
here2
here3
here
here1
here2
here3
here
here1
here2
here3
here
here1
here2
here3
here
here1
here
here1
here
here1
here2
here3
here
here1
here
here1
here2
here3
here
here1
here
here1
here
here1
here
here1
here2
here
here1
here
here1
here2
here
here1
here2
here
here1
here2
here
here1
here2
here
here1
here
here1
here2
here
here1
here2
here
here1
here
here1
here
here1
here
here1
here2
here
here1
here
here1
here
here1
here2
here
here1
here2
here
here1
here
here1
here2
here
here1
here2
here
here1
here
here1
here
here1
here2
here
here1
here2
here
here1
here
here1
here2
here
here1
here2
here
here1
here
here1
here2
here
here1
here
here1
here
here1
here
here1
here
here1
here
here1
here2
here
here1
here2
here
here1
here2
here
here1
here
here1
here2
here
here1
here
here1
here
here1
here2
here
here1
here
here1
here
here1
here2
here
here1
here
here1
here
here1
here
here1
here2
here
here1
here
here1
here2
here
here1
here2
here
here1
here2
here
here1
here
here1
here
here1
here2
here
here1
here2
here
here1
here
here1
here2
here
here1
here
here1
here2
here
here1
here
here1
here2
here
here1
here2
here
here1
here
here1
here
here1
here2
here
here1
here2
here
here1
here
here1
here2
here
here1
here
here1
here2
here
here1
here
here1
here2
here
here1
here2
here
here1
here
here1
here
here1
here2
here
here1
here
here1
here2
here
here1
here2
here
here1
here
here1
here
here1
here2
here
here1
here
here1
here2
here
here1
here
here1
here2
here
here1
here
here1
here2
here
here1
here
here1
here2
here
here1
here
here1
here
here1
here2
here
here1
here
here1
here2
here
here1
here
here1
here2
here
here1
here
here1
here
here1
here2
here
here1
here
here1
here
here1
here2
here
here1
here2
here
here1
here
here1
here2
here
here1
here
here1
here2
here
here1
here
here1
here2
here
here1
here
here1
here2
here
here1
here
here1
here2
here
here1
here
here1
here2
here
here1
here2
here
here1
here
here1
here
here1
here2
here
here1
here
here1
here2
here
here1
here2
here
here1
here2
here
here1
here
here1
here
here1
here2
here
here1
here2
here
here1
here
here1
here2
here
here1
here
here1
here2
here
here1
here2
here
here1
here
here1
here2
here
here1
here
here1
here2
here
here1
here2
here
here1
here2
here
here1
here
here1
here
here1
here
here1
here
here1
here
here1
here
here1
here
here1
here2
here
here1
here
here1
here
here1
here2
here
here1
here2
here
here1
here2
here
here1
here
here1
here2
here
here1
here
here1
here2
here
here1
here2
here
here1
here
here1
here
here1
here2
here
here1
here2
here
here1
here
here1
here2
here
here1
here
here1
here2
here
here1
here2
here
here1
here
here1
here2
here
here1
here
here1
here
here1
here2
here
here1
here2
here
here1
here
here1
here
here1
here2
here
here1
here2
here
here1
here
here1
here2
here
here1
here
here1
here2
here
here1
here
here1
here2
here
here1
here
here1
here
here1
here2
here
here1
here
here1
here2
‚öôÔ∏è Checking momentum for top 1 PE candidates...

üß≠ Checking momentum for NIFTY25D1625900PE (5 samples, every 1s):
here
here1
here2
here3
[NIFTY25D1625900PE] ‚è± Sample 1/5: LTP = ‚Çπ100.40
here
here1
here2
here
here1
here
here1
here2
here
here1
here
here1
here
here1
here
here1
here
here1
here2
here
here1
here
here1
here
here1
here2
here
here1
here2
here
here1
here2
here
here1
here
here1
here2
here
here1
here2
here
here1
here
here1
here
here1
here2
here
here1
here
here1
here
here1
here2
here
here1
here2
here
here1
here
here1
here
here1
here2
here
here1
here
here1
here
here1
here2
here
here1
here
here1
here2
here
here1
here2
here
here1
here2
here
here1
here2
here
here1
here2
here
here1
here
here1
here
here1
here
here1
here2
here
here1
here
here1
here2
here
here1
here2
here
here1
here
here1
here2
here
here1
here2
here
here1
here
here1
here2
here
here1
here2
here
here1
here2
here
here1
here
here1
here2
here
here1
here
here1
here
here1
here
here1
here2
here
here1
here2
here
here1
here
here1
here
here1
here2
here
here1
here
here1
here2
here
here1
here
here1
here2
here
here1
here
here1
here
here1
here2
here
here1
here2
here
here1
here
here1
here
here1
here2
here
here1
here
here1
here2
here
here1
here
here1
here2
here
here1
here
here1
here
here1
here2
here
here1
here2
here
here1
here
here1
here2
here
here1
here
here1
here
here1
here2
here
here1
here2
here
here1
here
here1
here2
here
here1
here
here1
here2
here
here1
here
here1
here2
here
here1
here
here1
here2
here
here1
here
here1
here2
here
here1
here2
here
here1
here
here1
here2
here
here1
here
here1
here2
here
here1
here
here1
here2
here
here1
here2
here
here1
here
here1
here2
here
here1
here2
here
here1
here
here1
here
here1
here2
here
here1
here
here1
here2
here
here1
here
here1
here2
here
here1
here
here1
here2
here
here1
here
here1
here2
here
here1
here
here1
here2
here
here1
here
here1
here
here1
here2
here
here1
here2
here
here1
here
here1
here2
here
here1
here
here1
here
here1
here
here1
here2
here
here1
here2
here
here1
here
here1
here
here1
here2
here
here1
here
here1
here2
here
here1
here
here1
here
here1
here2
here
here1
here
here1
here2
here
here1
here
here1
here
here1
here
here1
here2
here
here1
here2
here
here1
here2
here
here1
here2
here
here1
here2
here
here1
here2
here
here1
here2
here
here1
here
here1
here2
here
here1
here2
here
here1
here
here1
here
here1
here
here1
here2
here
here1
here
here1
here2
here
here1
here
here1
here
here1
here2
here
here1
here2
here
here1
here
here1
here
here1
here2
here
here1
here
here1
here2
here
here1
here
here1
here
here1
here2
here
here1
here
here1
here2
here
here1
here2
here
here1
here
here1
here
here1
here2
here
here1
here2
here
here1
here
here1
here
here1
here2
here
here1
here
here1
here2
here
here1
here
here1
here2
here
here1
here
here1
here2
here
here1
here2
here
here1
here
here1
here2
here
here1
‚öôÔ∏è Checking momentum for top 1 CE candidates...

üß≠ Checking momentum for NIFTY25D1625950CE (5 samples, every 1s):
[NIFTY25D1625950CE] ‚è± Sample 1/5: LTP = ‚Çπ98.10
[NIFTY25D1625900PE] ‚è± Sample 2/5: LTP = ‚Çπ100.35
[NIFTY25D1625950CE] ‚è± Sample 2/5: LTP = ‚Çπ97.90
[NIFTY25D1625900PE] ‚è± Sample 3/5: LTP = ‚Çπ100.60
[NIFTY25D1625950CE] ‚è± Sample 3/5: LTP = ‚Çπ98.15
[NIFTY25D1625900PE] ‚è± Sample 4/5: LTP = ‚Çπ100.80
[NIFTY25D1625950CE] ‚è± Sample 4/5: LTP = ‚Çπ98.50
[NIFTY25D1625900PE] ‚è± Sample 5/5: LTP = ‚Çπ100.15
[NIFTY25D1625950CE] ‚è± Sample 5/5: LTP = ‚Çπ97.50
[NIFTY25D1625900PE] üìä Avg Œî = 0.033%, Consistency = 50.0% ‚Üí FLAT
[NIFTY25D1625900PE] üìà Range ‚Çπ100.40 ‚Üí ‚Çπ100.15

‚ö†Ô∏è No strong momentum found for PE (>0.3%, consistency >70%)
üìä Running momentum check for PE (NIFTY25D1625900PE)

üß≠ Checking momentum for NIFTY25D1625900PE (5 samples, every 1s):
[NIFTY25D1625900PE] ‚è± Sample 1/5: LTP = ‚Çπ101.00
[NIFTY25D1625950CE] üìä Avg Œî = 0.000%, Consistency = 50.0% ‚Üí FLAT
[NIFTY25D1625950CE] üìà Range ‚Çπ98.10 ‚Üí ‚Çπ97.50

‚ö†Ô∏è No strong momentum found for CE (>0.25%, consistency >70%)
üìä Running momentum check for CE (NIFTY25D1625950CE)

üß≠ Checking momentum for NIFTY25D1625950CE (5 samples, every 1s):
[NIFTY25D1625950CE] ‚è± Sample 1/5: LTP = ‚Çπ98.10
[NIFTY25D1625900PE] ‚è± Sample 2/5: LTP = ‚Çπ101.00
[NIFTY25D1625950CE] ‚è± Sample 2/5: LTP = ‚Çπ98.15
[NIFTY25D1625900PE] ‚è± Sample 3/5: LTP = ‚Çπ100.90
[NIFTY25D1625950CE] ‚è± Sample 3/5: LTP = ‚Çπ97.20
[NIFTY25D1625900PE] ‚è± Sample 4/5: LTP = ‚Çπ102.00
[NIFTY25D1625950CE] ‚è± Sample 4/5: LTP = ‚Çπ97.05
[NIFTY25D1625900PE] ‚è± Sample 5/5: LTP = ‚Çπ101.85
[NIFTY25D1625950CE] ‚è± Sample 5/5: LTP = ‚Çπ97.20
[NIFTY25D1625900PE] üìä Avg Œî = 0.305%, Consistency = 100.0% ‚Üí UP
[NIFTY25D1625900PE] üìà Range ‚Çπ101.00 ‚Üí ‚Çπ101.85

‚úÖ Momentum for PE: {'symbol': 'NIFTY25D1625900PE', 'avg_change': np.float64(0.305), 'consistency': np.float64(100.0), 'direction': 'UP'}
[NIFTY25D1625950CE] üìä Avg Œî = -0.341%, Consistency = 100.0% ‚Üí DOWN
[NIFTY25D1625950CE] üìà Range ‚Çπ98.10 ‚Üí ‚Çπ97.20

‚úÖ Momentum for CE: {'symbol': 'NIFTY25D1625950CE', 'avg_change': np.float64(-0.341), 'consistency': np.float64(100.0), 'direction': 'DOWN'}
Traceback (most recent call last):
  File "C:\Users\HITS\eclipse-workspace\Groww_Python_Trading_Bot\test_groww_option_trading_final_bot.py", line 843, in detect_option_type_parallel
    # Handle missing momentum
        ^^^^^^^^^^^^^^^^^^^^^
  File "C:\Program Files\Python312\Lib\concurrent\futures\_base.py", line 243, in as_completed
    waiter.event.wait(wait_timeout)
  File "C:\Program Files\Python312\Lib\threading.py", line 655, in wait
    signaled = self._cond.wait(timeout)
               ^^^^^^^^^^^^^^^^^^^^^^^^
  File "C:\Program Files\Python312\Lib\threading.py", line 355, in wait
    waiter.acquire()
KeyboardInterrupt

During handling of the above exception, another exception occurred:

Traceback (most recent call last):
  File "C:\Users\HITS\eclipse-workspace\Groww_Python_Trading_Bot\test_groww_option_trading_final_bot.py", line 1255, in <module>
    place_cp_order(user_input)
    ^^^^^^^^^^^^^^^^^^
  File "C:\Users\HITS\eclipse-workspace\Groww_Python_Trading_Bot\test_groww_option_trading_final_bot.py", line 1197, in auto_mode_runner
    print("‚ùå No matching/affordable option found. Retrying...")
             ^^^^^^^^^^^^^^^^^^^^^^^^^^^^^^^^^^^^^^^^^^^^^^^^^^^
  File "C:\Users\HITS\eclipse-workspace\Groww_Python_Trading_Bot\test_groww_option_trading_final_bot.py", line 841, in detect_option_type_parallel
    pe_mom = results.get("PE", {}).get("momentum")
  File "C:\Program Files\Python312\Lib\concurrent\futures\_base.py", line 647, in __exit__
    self.shutdown(wait=True)
  File "C:\Program Files\Python312\Lib\concurrent\futures\thread.py", line 238, in shutdown
    t.join()
  File "C:\Program Files\Python312\Lib\threading.py", line 1147, in join
    self._wait_for_tstate_lock()
  File "C:\Program Files\Python312\Lib\threading.py", line 1167, in _wait_for_tstate_lock
    if lock.acquire(block, timeout):
       ^^^^^^^^^^^^^^^^^^^^^^^^^^^^
KeyboardInterrupt
